<?xml version="1.0" encoding="UTF-8"?>
<!-- Generated by org.testng.reporters.JUnitXMLReporter -->
<testsuite hostname="LAPTOP-4P252GTC" ignored="0" name="Default test" tests="4" failures="0" timestamp="2021-01-16T04:17:51 EET" time="20.68" errors="0">
  <testcase name="openHomePage" time="2.008" classname="Tests.WorksheetSectionTest"/>
  <testcase name="openSearchPageResults" time="11.122" classname="Tests.WorksheetSectionTest"/>
  <testcase name="openSecondLink" time="3.277" classname="Tests.WorksheetSectionTest"/>
  <testcase name="openSheetPage" time="4.223" classname="Tests.WorksheetSectionTest"/>
</testsuite> <!-- Default test -->
